#-----------------------------------------------------------
# Vivado v2015.2 (64-bit)
# SW Build 1266856 on Fri Jun 26 16:35:25 MDT 2015
# IP Build 1264090 on Wed Jun 24 14:22:01 MDT 2015
# Start of session at: Thu Jan 14 17:23:29 2016
# Process ID: 5596
# Log file: C:/Users/½²¦Ü½å/Desktop/Final_Project_Team10/demo/vivado.log
# Journal file: C:/Users/½²¦Ü½å/Desktop/Final_Project_Team10/demo\vivado.jou
#-----------------------------------------------------------
start_gui
open_project C:/Users/½²¦Ü½å/Desktop/Final_Project_Team10/demo/demo.xpr
INFO: [Project 1-313] Project file moved from 'D:/workspace/demo' since last save.
Scanning sources...
Finished scanning sources
INFO: [filemgmt 56-1] IP Repository Path: Directory not found as 'C:/Users/½²¦Ü½å/Desktop/Final_Project_Team10/p/ip'; using path 'D:/workspace/p/ip' instead.
INFO: [IP_Flow 19-234] Refreshing IP repositories
INFO: [IP_Flow 19-1700] Loaded user IP repository 'd:/workspace/p/ip'.
INFO: [IP_Flow 19-2313] Loaded Vivado IP repository 'C:/Xilinx/Vivado/2015.2/data/ip'.
open_project: Time (s): cpu = 00:00:22 ; elapsed = 00:00:09 . Memory (MB): peak = 771.598 ; gain = 197.965
exit
INFO: [Common 17-206] Exiting Vivado at Thu Jan 14 17:23:53 2016...
