Copyright 1986-2015 Xilinx, Inc. All Rights Reserved.
------------------------------------------------------------------------------------
| Tool Version : Vivado v.2015.2 (win64) Build 1266856 Fri Jun 26 16:35:25 MDT 2015
| Date         : Thu Jan 14 00:00:32 2016
| Host         : ultype running 64-bit major release  (build 9200)
| Command      : report_drc
------------------------------------------------------------------------------------

Report DRC

Table of Contents
-----------------
1. REPORT SUMMARY
2. REPORT DETAILS

1. REPORT SUMMARY
-----------------
            Netlist: netlist
          Floorplan: design_1
      Design limits: <entire design considered>
           Ruledeck: default
             Max violations: <unlimited>
             Violations found: 12

2. REPORT DETAILS
-----------------
BUFC-1#1 Warning
Input Buffer Connections  
Input buffer btn[0]_IBUF_inst has no loads. An input buffer must drive an internal load.
Related violations: <none>

BUFC-1#2 Warning
Input Buffer Connections  
Input buffer btn[1]_IBUF_inst has no loads. An input buffer must drive an internal load.
Related violations: <none>

BUFC-1#3 Warning
Input Buffer Connections  
Input buffer btn[2]_IBUF_inst has no loads. An input buffer must drive an internal load.
Related violations: <none>

BUFC-1#4 Warning
Input Buffer Connections  
Input buffer btn[3]_IBUF_inst has no loads. An input buffer must drive an internal load.
Related violations: <none>

DPIP-1#1 Warning
Input pipelining  
DSP btSpeedGen/count_duty0 input A B is not pipelined. Pipelining DSP48 input will improve performance.
Related violations: <none>

DPIP-1#2 Warning
Input pipelining  
DSP btSpeedGen/count_duty0__0 input A is not pipelined. Pipelining DSP48 input will improve performance.
Related violations: <none>

DPIP-1#3 Warning
Input pipelining  
DSP toneGen/count_duty0 input A B is not pipelined. Pipelining DSP48 input will improve performance.
Related violations: <none>

DPIP-1#4 Warning
Input pipelining  
DSP toneGen/count_duty0__0 input A is not pipelined. Pipelining DSP48 input will improve performance.
Related violations: <none>

DPOP-1#1 Warning
Output pipelining  
DSP btSpeedGen/count_duty0 output P is not pipelined. Pipelining DSP48 output will improve performance. Both multiplier/adder output can be pipelined.
Related violations: <none>

DPOP-1#2 Warning
Output pipelining  
DSP btSpeedGen/count_duty0__0 output P is not pipelined. Pipelining DSP48 output will improve performance. Both multiplier/adder output can be pipelined.
Related violations: <none>

DPOP-1#3 Warning
Output pipelining  
DSP toneGen/count_duty0 output P is not pipelined. Pipelining DSP48 output will improve performance. Both multiplier/adder output can be pipelined.
Related violations: <none>

DPOP-1#4 Warning
Output pipelining  
DSP toneGen/count_duty0__0 output P is not pipelined. Pipelining DSP48 output will improve performance. Both multiplier/adder output can be pipelined.
Related violations: <none>


